<?xml version="1.0" encoding="UTF-8"?>
<coverage generated="1597334852792" clover="3.2.0">
  <project timestamp="1597334852792" name="All files">
    <metrics statements="15" coveredstatements="13" conditionals="14" coveredconditionals="9" methods="5" coveredmethods="5" elements="34" coveredelements="27" complexity="0" loc="15" ncloc="15" packages="1" files="1" classes="1"/>
    <file name="lib.js" path="G:\contact-svc\tests\lib.js">
      <metrics statements="15" coveredstatements="13" conditionals="14" coveredconditionals="9" methods="5" coveredmethods="5"/>
      <line num="1" count="1" type="stmt"/>
      <line num="2" count="2" type="cond" truecount="1" falsecount="1"/>
      <line num="5" count="1" type="stmt"/>
      <line num="6" count="1" type="stmt"/>
      <line num="9" count="1" type="stmt"/>
      <line num="10" count="1" type="stmt"/>
      <line num="13" count="1" type="stmt"/>
      <line num="14" count="13" type="cond" truecount="2" falsecount="0"/>
      <line num="15" count="1" type="stmt"/>
      <line num="21" count="1" type="stmt"/>
      <line num="22" count="2" type="cond" truecount="1" falsecount="1"/>
      <line num="23" count="2" type="cond" truecount="4" falsecount="0"/>
      <line num="24" count="1" type="cond" truecount="1" falsecount="1"/>
      <line num="25" count="0" type="cond" truecount="0" falsecount="2"/>
      <line num="26" count="0" type="stmt"/>
    </file>
  </project>
</coverage>
