{"G:\\contact-svc\\tests\\lib.js": {"path":"G:\\contact-svc\\tests\\lib.js","statementMap":{"0":{"start":{"line":1,"column":0},"end":{"line":3,"column":2}},"1":{"start":{"line":2,"column":2},"end":{"line":2,"column":31}},"2":{"start":{"line":5,"column":0},"end":{"line":7,"column":2}},"3":{"start":{"line":6,"column":2},"end":{"line":6,"column":31}},"4":{"start":{"line":9,"column":0},"end":{"line":11,"column":2}},"5":{"start":{"line":10,"column":2},"end":{"line":10,"column":42}},"6":{"start":{"line":13,"column":0},"end":{"line":19,"column":2}},"7":{"start":{"line":14,"column":2},"end":{"line":14,"column":53}},"8":{"start":{"line":14,"column":17},"end":{"line":14,"column":53}},"9":{"start":{"line":15,"column":2},"end":{"line":18,"column":4}},"10":{"start":{"line":21,"column":0},"end":{"line":27,"column":2}},"11":{"start":{"line":22,"column":2},"end":{"line":22,"column":75}},"12":{"start":{"line":22,"column":33},"end":{"line":22,"column":75}},"13":{"start":{"line":23,"column":2},"end":{"line":23,"column":60}},"14":{"start":{"line":23,"column":42},"end":{"line":23,"column":60}},"15":{"start":{"line":24,"column":2},"end":{"line":24,"column":37}},"16":{"start":{"line":24,"column":23},"end":{"line":24,"column":37}},"17":{"start":{"line":25,"column":2},"end":{"line":25,"column":31}},"18":{"start":{"line":25,"column":17},"end":{"line":25,"column":31}},"19":{"start":{"line":26,"column":2},"end":{"line":26,"column":15}}},"fnMap":{"0":{"name":"(anonymous_0)","decl":{"start":{"line":1,"column":26},"end":{"line":1,"column":27}},"loc":{"start":{"line":1,"column":41},"end":{"line":3,"column":1}},"line":1},"1":{"name":"(anonymous_1)","decl":{"start":{"line":5,"column":29},"end":{"line":5,"column":30}},"loc":{"start":{"line":5,"column":41},"end":{"line":7,"column":1}},"line":5},"2":{"name":"(anonymous_2)","decl":{"start":{"line":9,"column":28},"end":{"line":9,"column":29}},"loc":{"start":{"line":9,"column":42},"end":{"line":11,"column":1}},"line":9},"3":{"name":"(anonymous_3)","decl":{"start":{"line":13,"column":30},"end":{"line":13,"column":31}},"loc":{"start":{"line":13,"column":50},"end":{"line":19,"column":1}},"line":13},"4":{"name":"(anonymous_4)","decl":{"start":{"line":21,"column":26},"end":{"line":21,"column":27}},"loc":{"start":{"line":21,"column":43},"end":{"line":27,"column":1}},"line":21}},"branchMap":{"0":{"loc":{"start":{"line":2,"column":9},"end":{"line":2,"column":30}},"type":"cond-expr","locations":[{"start":{"line":2,"column":20},"end":{"line":2,"column":23}},{"start":{"line":2,"column":26},"end":{"line":2,"column":30}}],"line":2},"1":{"loc":{"start":{"line":14,"column":2},"end":{"line":14,"column":53}},"type":"if","locations":[{"start":{"line":14,"column":2},"end":{"line":14,"column":53}},{"start":{"line":14,"column":2},"end":{"line":14,"column":53}}],"line":14},"2":{"loc":{"start":{"line":22,"column":2},"end":{"line":22,"column":75}},"type":"if","locations":[{"start":{"line":22,"column":2},"end":{"line":22,"column":75}},{"start":{"line":22,"column":2},"end":{"line":22,"column":75}}],"line":22},"3":{"loc":{"start":{"line":23,"column":2},"end":{"line":23,"column":60}},"type":"if","locations":[{"start":{"line":23,"column":2},"end":{"line":23,"column":60}},{"start":{"line":23,"column":2},"end":{"line":23,"column":60}}],"line":23},"4":{"loc":{"start":{"line":23,"column":6},"end":{"line":23,"column":40}},"type":"binary-expr","locations":[{"start":{"line":23,"column":6},"end":{"line":23,"column":21}},{"start":{"line":23,"column":25},"end":{"line":23,"column":40}}],"line":23},"5":{"loc":{"start":{"line":24,"column":2},"end":{"line":24,"column":37}},"type":"if","locations":[{"start":{"line":24,"column":2},"end":{"line":24,"column":37}},{"start":{"line":24,"column":2},"end":{"line":24,"column":37}}],"line":24},"6":{"loc":{"start":{"line":25,"column":2},"end":{"line":25,"column":31}},"type":"if","locations":[{"start":{"line":25,"column":2},"end":{"line":25,"column":31}},{"start":{"line":25,"column":2},"end":{"line":25,"column":31}}],"line":25}},"s":{"0":1,"1":2,"2":1,"3":1,"4":1,"5":1,"6":1,"7":13,"8":12,"9":1,"10":1,"11":2,"12":0,"13":2,"14":1,"15":1,"16":1,"17":0,"18":0,"19":0},"f":{"0":2,"1":1,"2":1,"3":13,"4":2},"b":{"0":[2,0],"1":[12,1],"2":[0,2],"3":[1,1],"4":[2,2],"5":[1,0],"6":[0,0]},"_coverageSchema":"1a1c01bbd47fc00a2c39e90264f33305004495a9","hash":"64752136b980ac9155537e82779c84a8fda478a5"}
}
