TN:
SF:tests\lib.js
FN:1,(anonymous_0)
FN:5,(anonymous_1)
FN:9,(anonymous_2)
FN:13,(anonymous_3)
FN:21,(anonymous_4)
FNF:5
FNH:5
FNDA:2,(anonymous_0)
FNDA:1,(anonymous_1)
FNDA:1,(anonymous_2)
FNDA:13,(anonymous_3)
FNDA:2,(anonymous_4)
DA:1,1
DA:2,2
DA:5,1
DA:6,1
DA:9,1
DA:10,1
DA:13,1
DA:14,13
DA:15,1
DA:21,1
DA:22,2
DA:23,2
DA:24,1
DA:25,0
DA:26,0
LF:15
LH:13
BRDA:2,0,0,2
BRDA:2,0,1,0
BRDA:14,1,0,12
BRDA:14,1,1,1
BRDA:22,2,0,0
BRDA:22,2,1,2
BRDA:23,3,0,1
BRDA:23,3,1,1
BRDA:23,4,0,2
BRDA:23,4,1,2
BRDA:24,5,0,1
BRDA:24,5,1,0
BRDA:25,6,0,0
BRDA:25,6,1,0
BRF:14
BRH:9
end_of_record
